<?xml version="1.0" encoding="UTF-8" ?>
<testsuites>
  <testsuite errors="0" failures="0" hostname="MacBook-Pro-de-rodrigo.local" id="0" name="LocalTests" package="levaetrazproject" tests="1" time="0.336" timestamp="2014-11-17T14:04:01">
      <properties />

      <testcase classname="levaetrazproject.LocalTests" name="test igualdade de locais" time="0.331" />

      <system-out><![CDATA[--Output from test igualdade de locais--
]]></system-out>

      <system-err><![CDATA[--Output from test igualdade de locais--
]]></system-err>

  </testsuite>
  <testsuite errors="0" failures="0" hostname="MacBook-Pro-de-rodrigo.local" id="1" name="MapaTests" package="levaetrazproject" tests="1" time="0.011" timestamp="2014-11-17T14:04:01">
      <properties />

      <testcase classname="levaetrazproject.MapaTests" name="test igualdade de mapas" time="0.011" />

      <system-out><![CDATA[--Output from test igualdade de mapas--
]]></system-out>

      <system-err><![CDATA[--Output from test igualdade de mapas--
]]></system-err>

  </testsuite>
  <testsuite errors="0" failures="0" hostname="MacBook-Pro-de-rodrigo.local" id="2" name="NomeTests" package="levaetrazproject" tests="2" time="0.962" timestamp="2014-11-17T14:04:01">
      <properties />

      <testcase classname="levaetrazproject.NomeTests" name="test igualdade de nomes" time="0.012" />

      <testcase classname="levaetrazproject.NomeTests" name="test nome invalido" time="0.949" />

      <system-out><![CDATA[--Output from test igualdade de nomes--
--Output from test nome invalido--
]]></system-out>

      <system-err><![CDATA[--Output from test igualdade de nomes--
--Output from test nome invalido--
]]></system-err>

  </testsuite>
  <testsuite errors="0" failures="0" hostname="MacBook-Pro-de-rodrigo.local" id="3" name="RotaTests" package="levaetrazproject" tests="3" time="0.185" timestamp="2014-11-17T14:04:02">
      <properties />

      <testcase classname="levaetrazproject.RotaTests" name="test constraints" time="0.153" />

      <testcase classname="levaetrazproject.RotaTests" name="test igualdade de rotas" time="0.011" />

      <testcase classname="levaetrazproject.RotaTests" name="test uma rota criada corretamente" time="0.019" />

      <system-out><![CDATA[--Output from test constraints--
--Output from test igualdade de rotas--
--Output from test uma rota criada corretamente--
]]></system-out>

      <system-err><![CDATA[--Output from test constraints--
--Output from test igualdade de rotas--
--Output from test uma rota criada corretamente--
]]></system-err>

  </testsuite>
</testsuites>
